[32m[INFO ][m [35m[2023-04-03T10:13:37,535] [main] [SpringBootTestContextBootstrapper][m Neither @ContextConfiguration nor @ContextHierarchy found for test class [br.com.gubee.interview.core.features.hero.HeroControllerIT], using SpringBootContextLoader 
[32m[INFO ][m [35m[2023-04-03T10:13:37,543] [main] [AbstractContextLoader][m Could not detect default resource locations for test class [br.com.gubee.interview.core.features.hero.HeroControllerIT]: no resource found for suffixes {-context.xml, Context.groovy}. 
[32m[INFO ][m [35m[2023-04-03T10:13:37,715] [main] [SpringBootTestContextBootstrapper][m Loaded default TestExecutionListener class names from location [META-INF/spring.factories]: [org.springframework.boot.test.mock.mockito.MockitoTestExecutionListener, org.springframework.boot.test.mock.mockito.ResetMocksTestExecutionListener, org.springframework.boot.test.autoconfigure.restdocs.RestDocsTestExecutionListener, org.springframework.boot.test.autoconfigure.web.client.MockRestServiceServerResetTestExecutionListener, org.springframework.boot.test.autoconfigure.web.servlet.MockMvcPrintOnlyOnFailureTestExecutionListener, org.springframework.boot.test.autoconfigure.web.servlet.WebDriverTestExecutionListener, org.springframework.boot.test.autoconfigure.webservices.client.MockWebServiceServerTestExecutionListener, org.springframework.test.context.web.ServletTestExecutionListener, org.springframework.test.context.support.DirtiesContextBeforeModesTestExecutionListener, org.springframework.test.context.event.ApplicationEventsTestExecutionListener, org.springframework.test.context.support.DependencyInjectionTestExecutionListener, org.springframework.test.context.support.DirtiesContextTestExecutionListener, org.springframework.test.context.transaction.TransactionalTestExecutionListener, org.springframework.test.context.jdbc.SqlScriptsTestExecutionListener, org.springframework.test.context.event.EventPublishingTestExecutionListener] 
[32m[INFO ][m [35m[2023-04-03T10:13:37,729] [main] [SpringBootTestContextBootstrapper][m Using TestExecutionListeners: [org.springframework.test.context.web.ServletTestExecutionListener@3c9cd930, org.springframework.test.context.support.DirtiesContextBeforeModesTestExecutionListener@5dcbdcb9, org.springframework.test.context.event.ApplicationEventsTestExecutionListener@4dd31687, org.springframework.boot.test.mock.mockito.MockitoTestExecutionListener@78d72c9b, org.springframework.boot.test.autoconfigure.SpringBootDependencyInjectionTestExecutionListener@22d82fe8, org.springframework.test.context.support.DirtiesContextTestExecutionListener@2175111e, org.springframework.test.context.transaction.TransactionalTestExecutionListener@74c74c99, org.springframework.test.context.jdbc.SqlScriptsTestExecutionListener@35b5056e, org.springframework.test.context.event.EventPublishingTestExecutionListener@56f1db5f, org.springframework.boot.test.mock.mockito.ResetMocksTestExecutionListener@5f05cd7e, org.springframework.boot.test.autoconfigure.restdocs.RestDocsTestExecutionListener@11e8e183, org.springframework.boot.test.autoconfigure.web.client.MockRestServiceServerResetTestExecutionListener@c6b08a5, org.springframework.boot.test.autoconfigure.web.servlet.MockMvcPrintOnlyOnFailureTestExecutionListener@54980154, org.springframework.boot.test.autoconfigure.web.servlet.WebDriverTestExecutionListener@25874884, org.springframework.boot.test.autoconfigure.webservices.client.MockWebServiceServerTestExecutionListener@7335414e] 
[32m[INFO ][m [35m[2023-04-03T10:13:37,775] [main] [ImageNameSubstitutor][m Image name substitution will be performed by: DefaultImageNameSubstitutor (composite of 'ConfigurationFileImageNameSubstitutor' and 'PrefixingImageNameSubstitutor') 
[32m[INFO ][m [35m[2023-04-03T10:13:37,793] [main] [DockerClientProviderStrategy][m Loaded org.testcontainers.dockerclient.UnixSocketClientProviderStrategy from ~/.testcontainers.properties, will try it first 
[32m[INFO ][m [35m[2023-04-03T10:13:38,185] [main] [DockerClientProviderStrategy][m Found Docker environment with local Unix socket (unix:///var/run/docker.sock) 
[32m[INFO ][m [35m[2023-04-03T10:13:38,186] [main] [DockerClientFactory][m Docker host IP address is localhost 
[32m[INFO ][m [35m[2023-04-03T10:13:38,201] [main] [DockerClientFactory][m Connected to docker: 
  Server Version: 23.0.1
  API Version: 1.42
  Operating System: Fedora Linux 37 (Workstation Edition)
  Total Memory: 15929 MB 
[32m[INFO ][m [35m[2023-04-03T10:13:38,238] [main] [4]][m Creating container for image: testcontainers/ryuk:0.3.4 
[32m[INFO ][m [35m[2023-04-03T10:13:38,244] [main] [RegistryAuthLocator][m Failure when attempting to lookup auth config. Please ignore if you don't have images in an authenticated registry. Details: (dockerImageName: testcontainers/ryuk:0.3.4, configFile: /root/.docker/config.json. Falling back to docker-java default behaviour. Exception message: /root/.docker/config.json (Arquivo ou diretório inexistente) 
[32m[INFO ][m [35m[2023-04-03T10:13:38,418] [main] [4]][m Container testcontainers/ryuk:0.3.4 is starting: 11310c674c82be7855d791cd681babea8fb48ee17a3700283c6e1ebb5129a5a0 
[32m[INFO ][m [35m[2023-04-03T10:13:38,754] [main] [4]][m Container testcontainers/ryuk:0.3.4 started in PT0.545660312S 
[32m[INFO ][m [35m[2023-04-03T10:13:38,759] [main] [RyukResourceReaper][m Ryuk started - will monitor and terminate Testcontainers containers on JVM exit 
[32m[INFO ][m [35m[2023-04-03T10:13:38,759] [main] [DockerClientFactory][m Checking the system... 
[32m[INFO ][m [35m[2023-04-03T10:13:38,760] [main] [DockerClientFactory][m ✔︎ Docker server version should be at least 1.6.0 
[32m[INFO ][m [35m[2023-04-03T10:13:38,772] [main] [🐳 [postgres:latest]][m Creating container for image: postgres:latest 
[32m[INFO ][m [35m[2023-04-03T10:13:39,029] [main] [🐳 [postgres:latest]][m Container postgres:latest is starting: bfc1bcdfddd248e46d0fa239fd12526d501a69004e6252a4da47022ed3bd1279 
[32m[INFO ][m [35m[2023-04-03T10:13:40,881] [main] [🐳 [postgres:latest]][m Container postgres:latest started in PT2.121062134S 
[32m[INFO ][m [35m[2023-04-03T10:13:41,078] [background-preinit] [Version][m HV000001: Hibernate Validator 6.2.3.Final 
[32m[INFO ][m [35m[2023-04-03T10:13:41,126] [main] [HeroControllerIT][m Starting HeroControllerIT using Java 17.0.6 on 192.168.1.9 with PID 106768 (started by root in /home/hpca/ddev/interview-pleno/core) 
[32m[INFO ][m [35m[2023-04-03T10:13:41,129] [main] [HeroControllerIT][m The following 1 profile is active: "it" 
[32m[INFO ][m [35m[2023-04-03T10:13:41,498] [main] [RepositoryConfigurationDelegate][m Multiple Spring Data modules found, entering strict repository configuration mode! 
[32m[INFO ][m [35m[2023-04-03T10:13:41,498] [main] [RepositoryConfigurationDelegate][m Bootstrapping Spring Data JPA repositories in DEFAULT mode. 
[32m[INFO ][m [35m[2023-04-03T10:13:41,531] [main] [RepositoryConfigurationDelegate][m Finished Spring Data repository scanning in 26 ms. Found 1 JPA repository interfaces. 
[32m[INFO ][m [35m[2023-04-03T10:13:41,647] [main] [RepositoryConfigurationDelegate][m Multiple Spring Data modules found, entering strict repository configuration mode! 
[32m[INFO ][m [35m[2023-04-03T10:13:41,648] [main] [RepositoryConfigurationDelegate][m Bootstrapping Spring Data JDBC repositories in DEFAULT mode. 
[32m[INFO ][m [35m[2023-04-03T10:13:41,650] [main] [RepositoryConfigurationExtensionSupport][m Spring Data JDBC - Could not safely identify store assignment for repository candidate interface br.com.gubee.interview.core.adapter.hero.repository.HeroCrudRepository. If you want this repository to be a JDBC repository, consider annotating your entities with one of these annotations: org.springframework.data.relational.core.mapping.Table. 
[32m[INFO ][m [35m[2023-04-03T10:13:41,651] [main] [RepositoryConfigurationDelegate][m Finished Spring Data repository scanning in 2 ms. Found 0 JDBC repository interfaces. 
[32m[INFO ][m [35m[2023-04-03T10:13:42,129] [main] [TomcatWebServer][m Tomcat initialized with port(s): 0 (http) 
[32m[INFO ][m [35m[2023-04-03T10:13:42,138] [main] [Http11NioProtocol][m The ["http-nio-auto-1"] connector has been configured to support HTTP upgrade to [h2c] 
[32m[INFO ][m [35m[2023-04-03T10:13:42,139] [main] [Http11NioProtocol][m Initializing ProtocolHandler ["http-nio-auto-1"] 
[32m[INFO ][m [35m[2023-04-03T10:13:42,140] [main] [StandardService][m Starting service [Tomcat] 
[32m[INFO ][m [35m[2023-04-03T10:13:42,140] [main] [StandardEngine][m Starting Servlet engine: [Apache Tomcat/9.0.62] 
[32m[INFO ][m [35m[2023-04-03T10:13:42,157] [main] [WebappLoader][m Unknown class loader [jdk.internal.loader.ClassLoaders$PlatformClassLoader@3ba06964] of class [class jdk.internal.loader.ClassLoaders$PlatformClassLoader] 
[32m[INFO ][m [35m[2023-04-03T10:13:42,200] [main] [[/]][m Initializing Spring embedded WebApplicationContext 
[32m[INFO ][m [35m[2023-04-03T10:13:42,201] [main] [ServletWebServerApplicationContext][m Root WebApplicationContext: initialization completed in 1054 ms 
[32m[INFO ][m [35m[2023-04-03T10:16:27,890] [main] [IntegrationTestConfiguration][m PEEEEEEEEEEEEDROOOOOOOOOO - INFO init_schema.sql 
[33m[WARN ][m [35m[2023-04-03T10:16:27,891] [main] [IntegrationTestConfiguration][m PEEEEEEEEEEEEDROOOOOOOOOO - WARN init_schema.sql 
[32m[INFO ][m [35m[2023-04-03T10:16:28,130] [main] [VersionPrinter][m Flyway Community Edition 8.0.5 by Redgate 
[32m[INFO ][m [35m[2023-04-03T10:16:28,131] [main] [BaseDatabaseType][m Database: jdbc:postgresql://localhost:32880/postgres (PostgreSQL 15.2) 
[33m[WARN ][m [35m[2023-04-03T10:16:28,166] [main] [Database][m Flyway upgrade recommended: PostgreSQL 15.2 is newer than this version of Flyway and support has not been tested. The latest supported version of PostgreSQL is 14. 
[32m[INFO ][m [35m[2023-04-03T10:16:28,187] [main] [DbValidate][m Successfully validated 3 migrations (execution time 00:00.010s) 
[32m[INFO ][m [35m[2023-04-03T10:16:28,198] [main] [JdbcTableSchemaHistory][m Creating Schema History table "interview_service"."flyway_schema_history" ... 
[32m[INFO ][m [35m[2023-04-03T10:16:28,213] [main] [DbMigrate][m Current version of schema "interview_service": << Empty Schema >> 
[32m[INFO ][m [35m[2023-04-03T10:16:28,217] [main] [DbMigrate][m Migrating schema "interview_service" to version "1.0.1 - power stats ddl" 
[32m[INFO ][m [35m[2023-04-03T10:16:28,232] [main] [DbMigrate][m Migrating schema "interview_service" to version "1.0.2 - hero ddl" 
[32m[INFO ][m [35m[2023-04-03T10:16:28,243] [main] [DbMigrate][m Migrating schema "interview_service" to version "1.1.0 - test data" 
[32m[INFO ][m [35m[2023-04-03T10:16:28,263] [main] [DbMigrate][m Successfully applied 3 migrations to schema "interview_service", now at version v1.1.0 (execution time 00:00.054s) 
[32m[INFO ][m [35m[2023-04-03T10:16:28,358] [main] [HikariDataSource][m HikariPool-1 - Starting... 
[32m[INFO ][m [35m[2023-04-03T10:16:28,415] [main] [HikariDataSource][m HikariPool-1 - Start completed. 
[32m[INFO ][m [35m[2023-04-03T10:16:28,468] [main] [LogHelper][m HHH000204: Processing PersistenceUnitInfo [name: default] 
[32m[INFO ][m [35m[2023-04-03T10:16:28,526] [main] [Version][m HHH000412: Hibernate ORM core version 5.6.8.Final 
[32m[INFO ][m [35m[2023-04-03T10:16:28,731] [main] [Version][m HCANN000001: Hibernate Commons Annotations {5.1.2.Final} 
[32m[INFO ][m [35m[2023-04-03T10:16:28,837] [main] [Dialect][m HHH000400: Using dialect: org.hibernate.dialect.PostgreSQL10Dialect 
[32m[INFO ][m [35m[2023-04-03T10:16:29,268] [main] [JtaPlatformInitiator][m HHH000490: Using JtaPlatform implementation: [org.hibernate.engine.transaction.jta.platform.internal.NoJtaPlatform] 
[32m[INFO ][m [35m[2023-04-03T10:16:29,280] [main] [LocalContainerEntityManagerFactoryBean][m Initialized JPA EntityManagerFactory for persistence unit 'default' 
[33m[WARN ][m [35m[2023-04-03T10:16:29,575] [main] [JpaBaseConfiguration$JpaWebConfiguration][m spring.jpa.open-in-view is enabled by default. Therefore, database queries may be performed during view rendering. Explicitly configure spring.jpa.open-in-view to disable this warning 
[32m[INFO ][m [35m[2023-04-03T10:16:30,033] [main] [[/]][m Initializing Spring TestDispatcherServlet '' 
[32m[INFO ][m [35m[2023-04-03T10:16:30,034] [main] [TestDispatcherServlet][m Initializing Servlet '' 
[32m[INFO ][m [35m[2023-04-03T10:16:30,035] [main] [TestDispatcherServlet][m Completed initialization in 1 ms 
[32m[INFO ][m [35m[2023-04-03T10:16:30,049] [main] [Http11NioProtocol][m Starting ProtocolHandler ["http-nio-auto-1"] 
[32m[INFO ][m [35m[2023-04-03T10:16:30,067] [main] [TomcatWebServer][m Tomcat started on port(s): 40527 (http) with context path '' 
[32m[INFO ][m [35m[2023-04-03T10:16:30,079] [main] [HeroControllerIT][m Started HeroControllerIT in 169.167 seconds (JVM running for 180.603) 
[32m[INFO ][m [35m[2023-04-03T10:16:30,903] [SpringApplicationShutdownHook] [LocalContainerEntityManagerFactoryBean][m Closing JPA EntityManagerFactory for persistence unit 'default' 
[32m[INFO ][m [35m[2023-04-03T10:16:30,905] [SpringApplicationShutdownHook] [HikariDataSource][m HikariPool-1 - Shutdown initiated... 
[32m[INFO ][m [35m[2023-04-03T10:16:30,922] [SpringApplicationShutdownHook] [HikariDataSource][m HikariPool-1 - Shutdown completed. 
